<?xml version="1.0" encoding="UTF-8"?>
<Site BuildName="(empty)"
	BuildStamp="20260417-0237-Experimental"
	Name="nazha-LOQ-15IRX9"
	Generator="ctest-3.16.3"
	CompilerName="/usr/bin/c++"
	CompilerVersion="9.4.0"
	OSName="Linux"
	Hostname="nazha-LOQ-15IRX9"
	OSRelease="5.15.0-164-generic"
	OSVersion="#174~20.04.1-Ubuntu SMP Thu Nov 20 14:52:06 UTC 2025"
	OSPlatform="x86_64"
	Is64Bits="1"
	VendorString="GenuineIntel"
	VendorID="Intel Corporation"
	FamilyID="6"
	ModelID="183"
	ProcessorCacheSize="24576"
	NumberOfLogicalCPU="20"
	NumberOfPhysicalCPU="14"
	TotalVirtualMemory="2047"
	TotalPhysicalMemory="19770"
	LogicalProcessorsPerPhysical="1"
	ProcessorClockFrequency="2800"
	>
	<Testing>
		<StartDateTime>Apr 17 09:37 WIB</StartDateTime>
		<StartTestTime>1776393454</StartTestTime>
		<TestList/>
		<EndDateTime>Apr 17 09:37 WIB</EndDateTime>
		<EndTestTime>1776393454</EndTestTime>
		<ElapsedMinutes>0</ElapsedMinutes>
	</Testing>
</Site>
