<?xml version="1.0" encoding="UTF-8"?>
<Site BuildName="(empty)"
	BuildStamp="20260411-1530-Experimental"
	Name="nazha-LOQ-15IRX9"
	Generator="ctest-3.16.3"
	CompilerName="/usr/bin/c++"
	CompilerVersion="9.4.0"
	OSName="Linux"
	Hostname="nazha-LOQ-15IRX9"
	OSRelease="5.15.0-164-generic"
	OSVersion="#174~20.04.1-Ubuntu SMP Thu Nov 20 14:52:06 UTC 2025"
	OSPlatform="x86_64"
	Is64Bits="1"
	VendorString="GenuineIntel"
	VendorID="Intel Corporation"
	FamilyID="6"
	ModelID="183"
	ProcessorCacheSize="24576"
	NumberOfLogicalCPU="20"
	NumberOfPhysicalCPU="14"
	TotalVirtualMemory="2047"
	TotalPhysicalMemory="19770"
	LogicalProcessorsPerPhysical="1"
	ProcessorClockFrequency="2218.26"
	>
	<Testing>
		<StartDateTime>Apr 11 19:04 WIB</StartDateTime>
		<StartTestTime>1775909056</StartTestTime>
		<TestList/>
		<EndDateTime>Apr 11 19:04 WIB</EndDateTime>
		<EndTestTime>1775909056</EndTestTime>
		<ElapsedMinutes>0</ElapsedMinutes>
	</Testing>
</Site>
