<?xml version="1.0" encoding="UTF-8"?>
<Site BuildName="(empty)"
	BuildStamp="20260527-0437-Experimental"
	Name="nazha-LOQ-15IRX9"
	Generator="ctest-3.16.3"
	CompilerName="/usr/bin/c++"
	CompilerVersion="9.4.0"
	OSName="Linux"
	Hostname="nazha-LOQ-15IRX9"
	OSRelease="7.0.3-070003-generic"
	OSVersion="#202604301017 SMP PREEMPT_DYNAMIC Thu Apr 30 11:04:32 UTC 2026"
	OSPlatform="x86_64"
	Is64Bits="1"
	VendorString="GenuineIntel"
	VendorID="Intel Corporation"
	FamilyID="6"
	ModelID="183"
	ProcessorCacheSize="24576"
	NumberOfLogicalCPU="20"
	NumberOfPhysicalCPU="14"
	TotalVirtualMemory="2047"
	TotalPhysicalMemory="19699"
	LogicalProcessorsPerPhysical="1"
	ProcessorClockFrequency="3700"
	>
	<Testing>
		<StartDateTime>May 27 11:37 WIB</StartDateTime>
		<StartTestTime>1779856621</StartTestTime>
		<TestList/>
		<EndDateTime>May 27 11:37 WIB</EndDateTime>
		<EndTestTime>1779856621</EndTestTime>
		<ElapsedMinutes>0</ElapsedMinutes>
	</Testing>
</Site>
